2016/07/23 09:50:10 [error] [exception.Twig_Error_Runtime] exception 'CException' with message 'Craft\MatrixBlockModel and its behaviors do not have a method or closure named "mainContentText".' in /Users/claraalder/gitHub/liz-site/craft/app/framework/base/CComponent.php:266
Stack trace:
#0 /Users/claraalder/gitHub/liz-site/craft/app/models/BaseModel.php(119): CComponent->__call('mainContentText', Array)
#1 [internal function]: Craft\BaseModel->__call('mainContentText', Array)
#2 [internal function]: Craft\MatrixBlockModel->mainContentText()
#3 /Users/claraalder/gitHub/liz-site/craft/app/vendor/twig/twig/lib/Twig/Template.php(609): call_user_func_array(Array, Array)
#4 /Users/claraalder/gitHub/liz-site/craft/app/etc/templating/BaseTemplate.php(64): Twig_Template->getAttribute(Object(Craft\MatrixBlockModel), 'mainContentText', Array, 'any', false, false)
#5 /Users/claraalder/gitHub/liz-site/craft/storage/runtime/compiled_templates/e0/e099487e9259108c1ca4a7faa4699afc1498e1219e5338de447943a4cc7b7483.php(114): Craft\BaseTemplate->getAttribute(Object(Craft\MatrixBlockModel), 'mainContentText', Array)
#6 /Users/claraalder/gitHub/liz-site/craft/app/vendor/twig/twig/lib/Twig/Template.php(167): __TwigTemplate_78a2ca443419e784b9b5a606493e39229e665c9a1f888d0f578db2d1aa3bdb00->block_content(Array, Array)
#7 /Users/claraalder/gitHub/liz-site/craft/storage/runtime/compiled_templates/90/90aed5ce4aad62acb6820e4efa31e0001a2f6d84e7d5c82a8036c00685b37d43.php(130): Twig_Template->displayBlock('content', Array, Array)
#8 /Users/claraalder/gitHub/liz-site/craft/app/vendor/twig/twig/lib/Twig/Template.php(381): __TwigTemplate_1ad08accd6ab6d645c8ad225553b1f06321103ef016a5d8ddad9486011efbb7d->doDisplay(Array, Array)
#9 /Users/claraalder/gitHub/liz-site/craft/app/etc/templating/BaseTemplate.php(26): Twig_Template->displayWithErrorHandling(Array, Array)
#10 /Users/claraalder/gitHub/liz-site/craft/app/vendor/twig/twig/lib/Twig/Template.php(355): Craft\BaseTemplate->displayWithErrorHandling(Array, Array)
#11 /Users/claraalder/gitHub/liz-site/craft/storage/runtime/compiled_templates/e0/e099487e9259108c1ca4a7faa4699afc1498e1219e5338de447943a4cc7b7483.php(27): Twig_Template->display(Array, Array)
#12 /Users/claraalder/gitHub/liz-site/craft/app/vendor/twig/twig/lib/Twig/Template.php(381): __TwigTemplate_78a2ca443419e784b9b5a606493e39229e665c9a1f888d0f578db2d1aa3bdb00->doDisplay(Array, Array)
#13 /Users/claraalder/gitHub/liz-site/craft/app/etc/templating/BaseTemplate.php(26): Twig_Template->displayWithErrorHandling(Array, Array)
#14 /Users/claraalder/gitHub/liz-site/craft/app/vendor/twig/twig/lib/Twig/Template.php(355): Craft\BaseTemplate->displayWithErrorHandling(Array, Array)
#15 /Users/claraalder/gitHub/liz-site/craft/app/vendor/twig/twig/lib/Twig/Template.php(366): Twig_Template->display(Array)
#16 /Users/claraalder/gitHub/liz-site/craft/app/vendor/twig/twig/lib/Twig/Environment.php(347): Twig_Template->render(Array)
#17 /Users/claraalder/gitHub/liz-site/craft/app/services/TemplatesService.php(246): Twig_Environment->render('index', Array)
#18 /Users/claraalder/gitHub/liz-site/craft/app/controllers/BaseController.php(74): Craft\TemplatesService->render('index', Array)
#19 /Users/claraalder/gitHub/liz-site/craft/app/controllers/TemplatesController.php(55): Craft\BaseController->renderTemplate('index', Array)
#20 [internal function]: Craft\TemplatesController->actionRender('index', Array)
#21 /Users/claraalder/gitHub/liz-site/craft/app/framework/web/actions/CAction.php(109): ReflectionMethod->invokeArgs(Object(Craft\TemplatesController), Array)
#22 /Users/claraalder/gitHub/liz-site/craft/app/framework/web/actions/CInlineAction.php(47): CAction->runWithParamsInternal(Object(Craft\TemplatesController), Object(ReflectionMethod), Array)
#23 /Users/claraalder/gitHub/liz-site/craft/app/framework/web/CController.php(308): CInlineAction->runWithParams(Array)
#24 /Users/claraalder/gitHub/liz-site/craft/app/framework/web/CController.php(286): CController->runAction(Object(CInlineAction))
#25 /Users/claraalder/gitHub/liz-site/craft/app/framework/web/CController.php(265): CController->runActionWithFilters(Object(CInlineAction), Array)
#26 /Users/claraalder/gitHub/liz-site/craft/app/framework/web/CWebApplication.php(282): CController->run('render')
#27 /Users/claraalder/gitHub/liz-site/craft/app/framework/web/CWebApplication.php(141): CWebApplication->runController('templates/rende...')
#28 /Users/claraalder/gitHub/liz-site/craft/app/etc/web/WebApp.php(288): CWebApplication->processRequest()
#29 /Users/claraalder/gitHub/liz-site/craft/app/framework/base/CApplication.php(185): Craft\WebApp->processRequest()
#30 /Users/claraalder/gitHub/liz-site/craft/app/index.php(62): CApplication->run()
#31 /Users/claraalder/gitHub/liz-site/html/index.php(19): require_once('/Users/claraald...')
#32 {main}

Next exception 'Twig_Error_Runtime' with message 'An exception has been thrown during the rendering of a template ("Craft\MatrixBlockModel and its behaviors do not have a method or closure named "mainContentText".") in "index" at line 28.' in /Users/claraalder/gitHub/liz-site/craft/app/vendor/twig/twig/lib/Twig/Template.php:182
Stack trace:
#0 /Users/claraalder/gitHub/liz-site/craft/storage/runtime/compiled_templates/90/90aed5ce4aad62acb6820e4efa31e0001a2f6d84e7d5c82a8036c00685b37d43.php(130): Twig_Template->displayBlock('content', Array, Array)
#1 /Users/claraalder/gitHub/liz-site/craft/app/vendor/twig/twig/lib/Twig/Template.php(381): __TwigTemplate_1ad08accd6ab6d645c8ad225553b1f06321103ef016a5d8ddad9486011efbb7d->doDisplay(Array, Array)
#2 /Users/claraalder/gitHub/liz-site/craft/app/etc/templating/BaseTemplate.php(26): Twig_Template->displayWithErrorHandling(Array, Array)
#3 /Users/claraalder/gitHub/liz-site/craft/app/vendor/twig/twig/lib/Twig/Template.php(355): Craft\BaseTemplate->displayWithErrorHandling(Array, Array)
#4 /Users/claraalder/gitHub/liz-site/craft/storage/runtime/compiled_templates/e0/e099487e9259108c1ca4a7faa4699afc1498e1219e5338de447943a4cc7b7483.php(27): Twig_Template->display(Array, Array)
#5 /Users/claraalder/gitHub/liz-site/craft/app/vendor/twig/twig/lib/Twig/Template.php(381): __TwigTemplate_78a2ca443419e784b9b5a606493e39229e665c9a1f888d0f578db2d1aa3bdb00->doDisplay(Array, Array)
#6 /Users/claraalder/gitHub/liz-site/craft/app/etc/templating/BaseTemplate.php(26): Twig_Template->displayWithErrorHandling(Array, Array)
#7 /Users/claraalder/gitHub/liz-site/craft/app/vendor/twig/twig/lib/Twig/Template.php(355): Craft\BaseTemplate->displayWithErrorHandling(Array, Array)
#8 /Users/claraalder/gitHub/liz-site/craft/app/vendor/twig/twig/lib/Twig/Template.php(366): Twig_Template->display(Array)
#9 /Users/claraalder/gitHub/liz-site/craft/app/vendor/twig/twig/lib/Twig/Environment.php(347): Twig_Template->render(Array)
#10 /Users/claraalder/gitHub/liz-site/craft/app/services/TemplatesService.php(246): Twig_Environment->render('index', Array)
#11 /Users/claraalder/gitHub/liz-site/craft/app/controllers/BaseController.php(74): Craft\TemplatesService->render('index', Array)
#12 /Users/claraalder/gitHub/liz-site/craft/app/controllers/TemplatesController.php(55): Craft\BaseController->renderTemplate('index', Array)
#13 [internal function]: Craft\TemplatesController->actionRender('index', Array)
#14 /Users/claraalder/gitHub/liz-site/craft/app/framework/web/actions/CAction.php(109): ReflectionMethod->invokeArgs(Object(Craft\TemplatesController), Array)
#15 /Users/claraalder/gitHub/liz-site/craft/app/framework/web/actions/CInlineAction.php(47): CAction->runWithParamsInternal(Object(Craft\TemplatesController), Object(ReflectionMethod), Array)
#16 /Users/claraalder/gitHub/liz-site/craft/app/framework/web/CController.php(308): CInlineAction->runWithParams(Array)
#17 /Users/claraalder/gitHub/liz-site/craft/app/framework/web/CController.php(286): CController->runAction(Object(CInlineAction))
#18 /Users/claraalder/gitHub/liz-site/craft/app/framework/web/CController.php(265): CController->runActionWithFilters(Object(CInlineAction), Array)
#19 /Users/claraalder/gitHub/liz-site/craft/app/framework/web/CWebApplication.php(282): CController->run('render')
#20 /Users/claraalder/gitHub/liz-site/craft/app/framework/web/CWebApplication.php(141): CWebApplication->runController('templates/rende...')
#21 /Users/claraalder/gitHub/liz-site/craft/app/etc/web/WebApp.php(288): CWebApplication->processRequest()
#22 /Users/claraalder/gitHub/liz-site/craft/app/framework/base/CApplication.php(185): Craft\WebApp->processRequest()
#23 /Users/claraalder/gitHub/liz-site/craft/app/index.php(62): CApplication->run()
#24 /Users/claraalder/gitHub/liz-site/html/index.php(19): require_once('/Users/claraald...')
#25 {main}
REQUEST_URI=/
---

******************************************************************************************************
2016/07/23 09:50:12 [error] [exception.Twig_Error_Runtime] exception 'CException' with message 'Craft\MatrixBlockModel and its behaviors do not have a method or closure named "mainContentText".' in /Users/claraalder/gitHub/liz-site/craft/app/framework/base/CComponent.php:266
Stack trace:
#0 /Users/claraalder/gitHub/liz-site/craft/app/models/BaseModel.php(119): CComponent->__call('mainContentText', Array)
#1 [internal function]: Craft\BaseModel->__call('mainContentText', Array)
#2 [internal function]: Craft\MatrixBlockModel->mainContentText()
#3 /Users/claraalder/gitHub/liz-site/craft/app/vendor/twig/twig/lib/Twig/Template.php(609): call_user_func_array(Array, Array)
#4 /Users/claraalder/gitHub/liz-site/craft/app/etc/templating/BaseTemplate.php(64): Twig_Template->getAttribute(Object(Craft\MatrixBlockModel), 'mainContentText', Array, 'any', false, false)
#5 /Users/claraalder/gitHub/liz-site/craft/storage/runtime/compiled_templates/e0/e099487e9259108c1ca4a7faa4699afc1498e1219e5338de447943a4cc7b7483.php(114): Craft\BaseTemplate->getAttribute(Object(Craft\MatrixBlockModel), 'mainContentText', Array)
#6 /Users/claraalder/gitHub/liz-site/craft/app/vendor/twig/twig/lib/Twig/Template.php(167): __TwigTemplate_78a2ca443419e784b9b5a606493e39229e665c9a1f888d0f578db2d1aa3bdb00->block_content(Array, Array)
#7 /Users/claraalder/gitHub/liz-site/craft/storage/runtime/compiled_templates/90/90aed5ce4aad62acb6820e4efa31e0001a2f6d84e7d5c82a8036c00685b37d43.php(130): Twig_Template->displayBlock('content', Array, Array)
#8 /Users/claraalder/gitHub/liz-site/craft/app/vendor/twig/twig/lib/Twig/Template.php(381): __TwigTemplate_1ad08accd6ab6d645c8ad225553b1f06321103ef016a5d8ddad9486011efbb7d->doDisplay(Array, Array)
#9 /Users/claraalder/gitHub/liz-site/craft/app/etc/templating/BaseTemplate.php(26): Twig_Template->displayWithErrorHandling(Array, Array)
#10 /Users/claraalder/gitHub/liz-site/craft/app/vendor/twig/twig/lib/Twig/Template.php(355): Craft\BaseTemplate->displayWithErrorHandling(Array, Array)
#11 /Users/claraalder/gitHub/liz-site/craft/storage/runtime/compiled_templates/e0/e099487e9259108c1ca4a7faa4699afc1498e1219e5338de447943a4cc7b7483.php(27): Twig_Template->display(Array, Array)
#12 /Users/claraalder/gitHub/liz-site/craft/app/vendor/twig/twig/lib/Twig/Template.php(381): __TwigTemplate_78a2ca443419e784b9b5a606493e39229e665c9a1f888d0f578db2d1aa3bdb00->doDisplay(Array, Array)
#13 /Users/claraalder/gitHub/liz-site/craft/app/etc/templating/BaseTemplate.php(26): Twig_Template->displayWithErrorHandling(Array, Array)
#14 /Users/claraalder/gitHub/liz-site/craft/app/vendor/twig/twig/lib/Twig/Template.php(355): Craft\BaseTemplate->displayWithErrorHandling(Array, Array)
#15 /Users/claraalder/gitHub/liz-site/craft/app/vendor/twig/twig/lib/Twig/Template.php(366): Twig_Template->display(Array)
#16 /Users/claraalder/gitHub/liz-site/craft/app/vendor/twig/twig/lib/Twig/Environment.php(347): Twig_Template->render(Array)
#17 /Users/claraalder/gitHub/liz-site/craft/app/services/TemplatesService.php(246): Twig_Environment->render('index', Array)
#18 /Users/claraalder/gitHub/liz-site/craft/app/controllers/BaseController.php(74): Craft\TemplatesService->render('index', Array)
#19 /Users/claraalder/gitHub/liz-site/craft/app/controllers/TemplatesController.php(55): Craft\BaseController->renderTemplate('index', Array)
#20 [internal function]: Craft\TemplatesController->actionRender('index', Array)
#21 /Users/claraalder/gitHub/liz-site/craft/app/framework/web/actions/CAction.php(109): ReflectionMethod->invokeArgs(Object(Craft\TemplatesController), Array)
#22 /Users/claraalder/gitHub/liz-site/craft/app/framework/web/actions/CInlineAction.php(47): CAction->runWithParamsInternal(Object(Craft\TemplatesController), Object(ReflectionMethod), Array)
#23 /Users/claraalder/gitHub/liz-site/craft/app/framework/web/CController.php(308): CInlineAction->runWithParams(Array)
#24 /Users/claraalder/gitHub/liz-site/craft/app/framework/web/CController.php(286): CController->runAction(Object(CInlineAction))
#25 /Users/claraalder/gitHub/liz-site/craft/app/framework/web/CController.php(265): CController->runActionWithFilters(Object(CInlineAction), Array)
#26 /Users/claraalder/gitHub/liz-site/craft/app/framework/web/CWebApplication.php(282): CController->run('render')
#27 /Users/claraalder/gitHub/liz-site/craft/app/framework/web/CWebApplication.php(141): CWebApplication->runController('templates/rende...')
#28 /Users/claraalder/gitHub/liz-site/craft/app/etc/web/WebApp.php(288): CWebApplication->processRequest()
#29 /Users/claraalder/gitHub/liz-site/craft/app/framework/base/CApplication.php(185): Craft\WebApp->processRequest()
#30 /Users/claraalder/gitHub/liz-site/craft/app/index.php(62): CApplication->run()
#31 /Users/claraalder/gitHub/liz-site/html/index.php(19): require_once('/Users/claraald...')
#32 {main}

Next exception 'Twig_Error_Runtime' with message 'An exception has been thrown during the rendering of a template ("Craft\MatrixBlockModel and its behaviors do not have a method or closure named "mainContentText".") in "index" at line 28.' in /Users/claraalder/gitHub/liz-site/craft/app/vendor/twig/twig/lib/Twig/Template.php:182
Stack trace:
#0 /Users/claraalder/gitHub/liz-site/craft/storage/runtime/compiled_templates/90/90aed5ce4aad62acb6820e4efa31e0001a2f6d84e7d5c82a8036c00685b37d43.php(130): Twig_Template->displayBlock('content', Array, Array)
#1 /Users/claraalder/gitHub/liz-site/craft/app/vendor/twig/twig/lib/Twig/Template.php(381): __TwigTemplate_1ad08accd6ab6d645c8ad225553b1f06321103ef016a5d8ddad9486011efbb7d->doDisplay(Array, Array)
#2 /Users/claraalder/gitHub/liz-site/craft/app/etc/templating/BaseTemplate.php(26): Twig_Template->displayWithErrorHandling(Array, Array)
#3 /Users/claraalder/gitHub/liz-site/craft/app/vendor/twig/twig/lib/Twig/Template.php(355): Craft\BaseTemplate->displayWithErrorHandling(Array, Array)
#4 /Users/claraalder/gitHub/liz-site/craft/storage/runtime/compiled_templates/e0/e099487e9259108c1ca4a7faa4699afc1498e1219e5338de447943a4cc7b7483.php(27): Twig_Template->display(Array, Array)
#5 /Users/claraalder/gitHub/liz-site/craft/app/vendor/twig/twig/lib/Twig/Template.php(381): __TwigTemplate_78a2ca443419e784b9b5a606493e39229e665c9a1f888d0f578db2d1aa3bdb00->doDisplay(Array, Array)
#6 /Users/claraalder/gitHub/liz-site/craft/app/etc/templating/BaseTemplate.php(26): Twig_Template->displayWithErrorHandling(Array, Array)
#7 /Users/claraalder/gitHub/liz-site/craft/app/vendor/twig/twig/lib/Twig/Template.php(355): Craft\BaseTemplate->displayWithErrorHandling(Array, Array)
#8 /Users/claraalder/gitHub/liz-site/craft/app/vendor/twig/twig/lib/Twig/Template.php(366): Twig_Template->display(Array)
#9 /Users/claraalder/gitHub/liz-site/craft/app/vendor/twig/twig/lib/Twig/Environment.php(347): Twig_Template->render(Array)
#10 /Users/claraalder/gitHub/liz-site/craft/app/services/TemplatesService.php(246): Twig_Environment->render('index', Array)
#11 /Users/claraalder/gitHub/liz-site/craft/app/controllers/BaseController.php(74): Craft\TemplatesService->render('index', Array)
#12 /Users/claraalder/gitHub/liz-site/craft/app/controllers/TemplatesController.php(55): Craft\BaseController->renderTemplate('index', Array)
#13 [internal function]: Craft\TemplatesController->actionRender('index', Array)
#14 /Users/claraalder/gitHub/liz-site/craft/app/framework/web/actions/CAction.php(109): ReflectionMethod->invokeArgs(Object(Craft\TemplatesController), Array)
#15 /Users/claraalder/gitHub/liz-site/craft/app/framework/web/actions/CInlineAction.php(47): CAction->runWithParamsInternal(Object(Craft\TemplatesController), Object(ReflectionMethod), Array)
#16 /Users/claraalder/gitHub/liz-site/craft/app/framework/web/CController.php(308): CInlineAction->runWithParams(Array)
#17 /Users/claraalder/gitHub/liz-site/craft/app/framework/web/CController.php(286): CController->runAction(Object(CInlineAction))
#18 /Users/claraalder/gitHub/liz-site/craft/app/framework/web/CController.php(265): CController->runActionWithFilters(Object(CInlineAction), Array)
#19 /Users/claraalder/gitHub/liz-site/craft/app/framework/web/CWebApplication.php(282): CController->run('render')
#20 /Users/claraalder/gitHub/liz-site/craft/app/framework/web/CWebApplication.php(141): CWebApplication->runController('templates/rende...')
#21 /Users/claraalder/gitHub/liz-site/craft/app/etc/web/WebApp.php(288): CWebApplication->processRequest()
#22 /Users/claraalder/gitHub/liz-site/craft/app/framework/base/CApplication.php(185): Craft\WebApp->processRequest()
#23 /Users/claraalder/gitHub/liz-site/craft/app/index.php(62): CApplication->run()
#24 /Users/claraalder/gitHub/liz-site/html/index.php(19): require_once('/Users/claraald...')
#25 {main}
REQUEST_URI=/
---

******************************************************************************************************
2016/07/23 09:50:15 [error] [exception.Twig_Error_Runtime] exception 'CException' with message 'Craft\MatrixBlockModel and its behaviors do not have a method or closure named "mainContentText".' in /Users/claraalder/gitHub/liz-site/craft/app/framework/base/CComponent.php:266
Stack trace:
#0 /Users/claraalder/gitHub/liz-site/craft/app/models/BaseModel.php(119): CComponent->__call('mainContentText', Array)
#1 [internal function]: Craft\BaseModel->__call('mainContentText', Array)
#2 [internal function]: Craft\MatrixBlockModel->mainContentText()
#3 /Users/claraalder/gitHub/liz-site/craft/app/vendor/twig/twig/lib/Twig/Template.php(609): call_user_func_array(Array, Array)
#4 /Users/claraalder/gitHub/liz-site/craft/app/etc/templating/BaseTemplate.php(64): Twig_Template->getAttribute(Object(Craft\MatrixBlockModel), 'mainContentText', Array, 'any', false, false)
#5 /Users/claraalder/gitHub/liz-site/craft/storage/runtime/compiled_templates/e0/e099487e9259108c1ca4a7faa4699afc1498e1219e5338de447943a4cc7b7483.php(114): Craft\BaseTemplate->getAttribute(Object(Craft\MatrixBlockModel), 'mainContentText', Array)
#6 /Users/claraalder/gitHub/liz-site/craft/app/vendor/twig/twig/lib/Twig/Template.php(167): __TwigTemplate_78a2ca443419e784b9b5a606493e39229e665c9a1f888d0f578db2d1aa3bdb00->block_content(Array, Array)
#7 /Users/claraalder/gitHub/liz-site/craft/storage/runtime/compiled_templates/90/90aed5ce4aad62acb6820e4efa31e0001a2f6d84e7d5c82a8036c00685b37d43.php(130): Twig_Template->displayBlock('content', Array, Array)
#8 /Users/claraalder/gitHub/liz-site/craft/app/vendor/twig/twig/lib/Twig/Template.php(381): __TwigTemplate_1ad08accd6ab6d645c8ad225553b1f06321103ef016a5d8ddad9486011efbb7d->doDisplay(Array, Array)
#9 /Users/claraalder/gitHub/liz-site/craft/app/etc/templating/BaseTemplate.php(26): Twig_Template->displayWithErrorHandling(Array, Array)
#10 /Users/claraalder/gitHub/liz-site/craft/app/vendor/twig/twig/lib/Twig/Template.php(355): Craft\BaseTemplate->displayWithErrorHandling(Array, Array)
#11 /Users/claraalder/gitHub/liz-site/craft/storage/runtime/compiled_templates/e0/e099487e9259108c1ca4a7faa4699afc1498e1219e5338de447943a4cc7b7483.php(27): Twig_Template->display(Array, Array)
#12 /Users/claraalder/gitHub/liz-site/craft/app/vendor/twig/twig/lib/Twig/Template.php(381): __TwigTemplate_78a2ca443419e784b9b5a606493e39229e665c9a1f888d0f578db2d1aa3bdb00->doDisplay(Array, Array)
#13 /Users/claraalder/gitHub/liz-site/craft/app/etc/templating/BaseTemplate.php(26): Twig_Template->displayWithErrorHandling(Array, Array)
#14 /Users/claraalder/gitHub/liz-site/craft/app/vendor/twig/twig/lib/Twig/Template.php(355): Craft\BaseTemplate->displayWithErrorHandling(Array, Array)
#15 /Users/claraalder/gitHub/liz-site/craft/app/vendor/twig/twig/lib/Twig/Template.php(366): Twig_Template->display(Array)
#16 /Users/claraalder/gitHub/liz-site/craft/app/vendor/twig/twig/lib/Twig/Environment.php(347): Twig_Template->render(Array)
#17 /Users/claraalder/gitHub/liz-site/craft/app/services/TemplatesService.php(246): Twig_Environment->render('index', Array)
#18 /Users/claraalder/gitHub/liz-site/craft/app/controllers/BaseController.php(74): Craft\TemplatesService->render('index', Array)
#19 /Users/claraalder/gitHub/liz-site/craft/app/controllers/TemplatesController.php(55): Craft\BaseController->renderTemplate('index', Array)
#20 [internal function]: Craft\TemplatesController->actionRender('index', Array)
#21 /Users/claraalder/gitHub/liz-site/craft/app/framework/web/actions/CAction.php(109): ReflectionMethod->invokeArgs(Object(Craft\TemplatesController), Array)
#22 /Users/claraalder/gitHub/liz-site/craft/app/framework/web/actions/CInlineAction.php(47): CAction->runWithParamsInternal(Object(Craft\TemplatesController), Object(ReflectionMethod), Array)
#23 /Users/claraalder/gitHub/liz-site/craft/app/framework/web/CController.php(308): CInlineAction->runWithParams(Array)
#24 /Users/claraalder/gitHub/liz-site/craft/app/framework/web/CController.php(286): CController->runAction(Object(CInlineAction))
#25 /Users/claraalder/gitHub/liz-site/craft/app/framework/web/CController.php(265): CController->runActionWithFilters(Object(CInlineAction), Array)
#26 /Users/claraalder/gitHub/liz-site/craft/app/framework/web/CWebApplication.php(282): CController->run('render')
#27 /Users/claraalder/gitHub/liz-site/craft/app/framework/web/CWebApplication.php(141): CWebApplication->runController('templates/rende...')
#28 /Users/claraalder/gitHub/liz-site/craft/app/etc/web/WebApp.php(288): CWebApplication->processRequest()
#29 /Users/claraalder/gitHub/liz-site/craft/app/framework/base/CApplication.php(185): Craft\WebApp->processRequest()
#30 /Users/claraalder/gitHub/liz-site/craft/app/index.php(62): CApplication->run()
#31 /Users/claraalder/gitHub/liz-site/html/index.php(19): require_once('/Users/claraald...')
#32 {main}

Next exception 'Twig_Error_Runtime' with message 'An exception has been thrown during the rendering of a template ("Craft\MatrixBlockModel and its behaviors do not have a method or closure named "mainContentText".") in "index" at line 28.' in /Users/claraalder/gitHub/liz-site/craft/app/vendor/twig/twig/lib/Twig/Template.php:182
Stack trace:
#0 /Users/claraalder/gitHub/liz-site/craft/storage/runtime/compiled_templates/90/90aed5ce4aad62acb6820e4efa31e0001a2f6d84e7d5c82a8036c00685b37d43.php(130): Twig_Template->displayBlock('content', Array, Array)
#1 /Users/claraalder/gitHub/liz-site/craft/app/vendor/twig/twig/lib/Twig/Template.php(381): __TwigTemplate_1ad08accd6ab6d645c8ad225553b1f06321103ef016a5d8ddad9486011efbb7d->doDisplay(Array, Array)
#2 /Users/claraalder/gitHub/liz-site/craft/app/etc/templating/BaseTemplate.php(26): Twig_Template->displayWithErrorHandling(Array, Array)
#3 /Users/claraalder/gitHub/liz-site/craft/app/vendor/twig/twig/lib/Twig/Template.php(355): Craft\BaseTemplate->displayWithErrorHandling(Array, Array)
#4 /Users/claraalder/gitHub/liz-site/craft/storage/runtime/compiled_templates/e0/e099487e9259108c1ca4a7faa4699afc1498e1219e5338de447943a4cc7b7483.php(27): Twig_Template->display(Array, Array)
#5 /Users/claraalder/gitHub/liz-site/craft/app/vendor/twig/twig/lib/Twig/Template.php(381): __TwigTemplate_78a2ca443419e784b9b5a606493e39229e665c9a1f888d0f578db2d1aa3bdb00->doDisplay(Array, Array)
#6 /Users/claraalder/gitHub/liz-site/craft/app/etc/templating/BaseTemplate.php(26): Twig_Template->displayWithErrorHandling(Array, Array)
#7 /Users/claraalder/gitHub/liz-site/craft/app/vendor/twig/twig/lib/Twig/Template.php(355): Craft\BaseTemplate->displayWithErrorHandling(Array, Array)
#8 /Users/claraalder/gitHub/liz-site/craft/app/vendor/twig/twig/lib/Twig/Template.php(366): Twig_Template->display(Array)
#9 /Users/claraalder/gitHub/liz-site/craft/app/vendor/twig/twig/lib/Twig/Environment.php(347): Twig_Template->render(Array)
#10 /Users/claraalder/gitHub/liz-site/craft/app/services/TemplatesService.php(246): Twig_Environment->render('index', Array)
#11 /Users/claraalder/gitHub/liz-site/craft/app/controllers/BaseController.php(74): Craft\TemplatesService->render('index', Array)
#12 /Users/claraalder/gitHub/liz-site/craft/app/controllers/TemplatesController.php(55): Craft\BaseController->renderTemplate('index', Array)
#13 [internal function]: Craft\TemplatesController->actionRender('index', Array)
#14 /Users/claraalder/gitHub/liz-site/craft/app/framework/web/actions/CAction.php(109): ReflectionMethod->invokeArgs(Object(Craft\TemplatesController), Array)
#15 /Users/claraalder/gitHub/liz-site/craft/app/framework/web/actions/CInlineAction.php(47): CAction->runWithParamsInternal(Object(Craft\TemplatesController), Object(ReflectionMethod), Array)
#16 /Users/claraalder/gitHub/liz-site/craft/app/framework/web/CController.php(308): CInlineAction->runWithParams(Array)
#17 /Users/claraalder/gitHub/liz-site/craft/app/framework/web/CController.php(286): CController->runAction(Object(CInlineAction))
#18 /Users/claraalder/gitHub/liz-site/craft/app/framework/web/CController.php(265): CController->runActionWithFilters(Object(CInlineAction), Array)
#19 /Users/claraalder/gitHub/liz-site/craft/app/framework/web/CWebApplication.php(282): CController->run('render')
#20 /Users/claraalder/gitHub/liz-site/craft/app/framework/web/CWebApplication.php(141): CWebApplication->runController('templates/rende...')
#21 /Users/claraalder/gitHub/liz-site/craft/app/etc/web/WebApp.php(288): CWebApplication->processRequest()
#22 /Users/claraalder/gitHub/liz-site/craft/app/framework/base/CApplication.php(185): Craft\WebApp->processRequest()
#23 /Users/claraalder/gitHub/liz-site/craft/app/index.php(62): CApplication->run()
#24 /Users/claraalder/gitHub/liz-site/html/index.php(19): require_once('/Users/claraald...')
#25 {main}
REQUEST_URI=/
---

******************************************************************************************************
2016/07/23 09:50:17 [error] [exception.Twig_Error_Runtime] exception 'CException' with message 'Craft\MatrixBlockModel and its behaviors do not have a method or closure named "mainContentText".' in /Users/claraalder/gitHub/liz-site/craft/app/framework/base/CComponent.php:266
Stack trace:
#0 /Users/claraalder/gitHub/liz-site/craft/app/models/BaseModel.php(119): CComponent->__call('mainContentText', Array)
#1 [internal function]: Craft\BaseModel->__call('mainContentText', Array)
#2 [internal function]: Craft\MatrixBlockModel->mainContentText()
#3 /Users/claraalder/gitHub/liz-site/craft/app/vendor/twig/twig/lib/Twig/Template.php(609): call_user_func_array(Array, Array)
#4 /Users/claraalder/gitHub/liz-site/craft/app/etc/templating/BaseTemplate.php(64): Twig_Template->getAttribute(Object(Craft\MatrixBlockModel), 'mainContentText', Array, 'any', false, false)
#5 /Users/claraalder/gitHub/liz-site/craft/storage/runtime/compiled_templates/e0/e099487e9259108c1ca4a7faa4699afc1498e1219e5338de447943a4cc7b7483.php(114): Craft\BaseTemplate->getAttribute(Object(Craft\MatrixBlockModel), 'mainContentText', Array)
#6 /Users/claraalder/gitHub/liz-site/craft/app/vendor/twig/twig/lib/Twig/Template.php(167): __TwigTemplate_78a2ca443419e784b9b5a606493e39229e665c9a1f888d0f578db2d1aa3bdb00->block_content(Array, Array)
#7 /Users/claraalder/gitHub/liz-site/craft/storage/runtime/compiled_templates/90/90aed5ce4aad62acb6820e4efa31e0001a2f6d84e7d5c82a8036c00685b37d43.php(130): Twig_Template->displayBlock('content', Array, Array)
#8 /Users/claraalder/gitHub/liz-site/craft/app/vendor/twig/twig/lib/Twig/Template.php(381): __TwigTemplate_1ad08accd6ab6d645c8ad225553b1f06321103ef016a5d8ddad9486011efbb7d->doDisplay(Array, Array)
#9 /Users/claraalder/gitHub/liz-site/craft/app/etc/templating/BaseTemplate.php(26): Twig_Template->displayWithErrorHandling(Array, Array)
#10 /Users/claraalder/gitHub/liz-site/craft/app/vendor/twig/twig/lib/Twig/Template.php(355): Craft\BaseTemplate->displayWithErrorHandling(Array, Array)
#11 /Users/claraalder/gitHub/liz-site/craft/storage/runtime/compiled_templates/e0/e099487e9259108c1ca4a7faa4699afc1498e1219e5338de447943a4cc7b7483.php(27): Twig_Template->display(Array, Array)
#12 /Users/claraalder/gitHub/liz-site/craft/app/vendor/twig/twig/lib/Twig/Template.php(381): __TwigTemplate_78a2ca443419e784b9b5a606493e39229e665c9a1f888d0f578db2d1aa3bdb00->doDisplay(Array, Array)
#13 /Users/claraalder/gitHub/liz-site/craft/app/etc/templating/BaseTemplate.php(26): Twig_Template->displayWithErrorHandling(Array, Array)
#14 /Users/claraalder/gitHub/liz-site/craft/app/vendor/twig/twig/lib/Twig/Template.php(355): Craft\BaseTemplate->displayWithErrorHandling(Array, Array)
#15 /Users/claraalder/gitHub/liz-site/craft/app/vendor/twig/twig/lib/Twig/Template.php(366): Twig_Template->display(Array)
#16 /Users/claraalder/gitHub/liz-site/craft/app/vendor/twig/twig/lib/Twig/Environment.php(347): Twig_Template->render(Array)
#17 /Users/claraalder/gitHub/liz-site/craft/app/services/TemplatesService.php(246): Twig_Environment->render('index', Array)
#18 /Users/claraalder/gitHub/liz-site/craft/app/controllers/BaseController.php(74): Craft\TemplatesService->render('index', Array)
#19 /Users/claraalder/gitHub/liz-site/craft/app/controllers/TemplatesController.php(55): Craft\BaseController->renderTemplate('index', Array)
#20 [internal function]: Craft\TemplatesController->actionRender('index', Array)
#21 /Users/claraalder/gitHub/liz-site/craft/app/framework/web/actions/CAction.php(109): ReflectionMethod->invokeArgs(Object(Craft\TemplatesController), Array)
#22 /Users/claraalder/gitHub/liz-site/craft/app/framework/web/actions/CInlineAction.php(47): CAction->runWithParamsInternal(Object(Craft\TemplatesController), Object(ReflectionMethod), Array)
#23 /Users/claraalder/gitHub/liz-site/craft/app/framework/web/CController.php(308): CInlineAction->runWithParams(Array)
#24 /Users/claraalder/gitHub/liz-site/craft/app/framework/web/CController.php(286): CController->runAction(Object(CInlineAction))
#25 /Users/claraalder/gitHub/liz-site/craft/app/framework/web/CController.php(265): CController->runActionWithFilters(Object(CInlineAction), Array)
#26 /Users/claraalder/gitHub/liz-site/craft/app/framework/web/CWebApplication.php(282): CController->run('render')
#27 /Users/claraalder/gitHub/liz-site/craft/app/framework/web/CWebApplication.php(141): CWebApplication->runController('templates/rende...')
#28 /Users/claraalder/gitHub/liz-site/craft/app/etc/web/WebApp.php(288): CWebApplication->processRequest()
#29 /Users/claraalder/gitHub/liz-site/craft/app/framework/base/CApplication.php(185): Craft\WebApp->processRequest()
#30 /Users/claraalder/gitHub/liz-site/craft/app/index.php(62): CApplication->run()
#31 /Users/claraalder/gitHub/liz-site/html/index.php(19): require_once('/Users/claraald...')
#32 {main}

Next exception 'Twig_Error_Runtime' with message 'An exception has been thrown during the rendering of a template ("Craft\MatrixBlockModel and its behaviors do not have a method or closure named "mainContentText".") in "index" at line 28.' in /Users/claraalder/gitHub/liz-site/craft/app/vendor/twig/twig/lib/Twig/Template.php:182
Stack trace:
#0 /Users/claraalder/gitHub/liz-site/craft/storage/runtime/compiled_templates/90/90aed5ce4aad62acb6820e4efa31e0001a2f6d84e7d5c82a8036c00685b37d43.php(130): Twig_Template->displayBlock('content', Array, Array)
#1 /Users/claraalder/gitHub/liz-site/craft/app/vendor/twig/twig/lib/Twig/Template.php(381): __TwigTemplate_1ad08accd6ab6d645c8ad225553b1f06321103ef016a5d8ddad9486011efbb7d->doDisplay(Array, Array)
#2 /Users/claraalder/gitHub/liz-site/craft/app/etc/templating/BaseTemplate.php(26): Twig_Template->displayWithErrorHandling(Array, Array)
#3 /Users/claraalder/gitHub/liz-site/craft/app/vendor/twig/twig/lib/Twig/Template.php(355): Craft\BaseTemplate->displayWithErrorHandling(Array, Array)
#4 /Users/claraalder/gitHub/liz-site/craft/storage/runtime/compiled_templates/e0/e099487e9259108c1ca4a7faa4699afc1498e1219e5338de447943a4cc7b7483.php(27): Twig_Template->display(Array, Array)
#5 /Users/claraalder/gitHub/liz-site/craft/app/vendor/twig/twig/lib/Twig/Template.php(381): __TwigTemplate_78a2ca443419e784b9b5a606493e39229e665c9a1f888d0f578db2d1aa3bdb00->doDisplay(Array, Array)
#6 /Users/claraalder/gitHub/liz-site/craft/app/etc/templating/BaseTemplate.php(26): Twig_Template->displayWithErrorHandling(Array, Array)
#7 /Users/claraalder/gitHub/liz-site/craft/app/vendor/twig/twig/lib/Twig/Template.php(355): Craft\BaseTemplate->displayWithErrorHandling(Array, Array)
#8 /Users/claraalder/gitHub/liz-site/craft/app/vendor/twig/twig/lib/Twig/Template.php(366): Twig_Template->display(Array)
#9 /Users/claraalder/gitHub/liz-site/craft/app/vendor/twig/twig/lib/Twig/Environment.php(347): Twig_Template->render(Array)
#10 /Users/claraalder/gitHub/liz-site/craft/app/services/TemplatesService.php(246): Twig_Environment->render('index', Array)
#11 /Users/claraalder/gitHub/liz-site/craft/app/controllers/BaseController.php(74): Craft\TemplatesService->render('index', Array)
#12 /Users/claraalder/gitHub/liz-site/craft/app/controllers/TemplatesController.php(55): Craft\BaseController->renderTemplate('index', Array)
#13 [internal function]: Craft\TemplatesController->actionRender('index', Array)
#14 /Users/claraalder/gitHub/liz-site/craft/app/framework/web/actions/CAction.php(109): ReflectionMethod->invokeArgs(Object(Craft\TemplatesController), Array)
#15 /Users/claraalder/gitHub/liz-site/craft/app/framework/web/actions/CInlineAction.php(47): CAction->runWithParamsInternal(Object(Craft\TemplatesController), Object(ReflectionMethod), Array)
#16 /Users/claraalder/gitHub/liz-site/craft/app/framework/web/CController.php(308): CInlineAction->runWithParams(Array)
#17 /Users/claraalder/gitHub/liz-site/craft/app/framework/web/CController.php(286): CController->runAction(Object(CInlineAction))
#18 /Users/claraalder/gitHub/liz-site/craft/app/framework/web/CController.php(265): CController->runActionWithFilters(Object(CInlineAction), Array)
#19 /Users/claraalder/gitHub/liz-site/craft/app/framework/web/CWebApplication.php(282): CController->run('render')
#20 /Users/claraalder/gitHub/liz-site/craft/app/framework/web/CWebApplication.php(141): CWebApplication->runController('templates/rende...')
#21 /Users/claraalder/gitHub/liz-site/craft/app/etc/web/WebApp.php(288): CWebApplication->processRequest()
#22 /Users/claraalder/gitHub/liz-site/craft/app/framework/base/CApplication.php(185): Craft\WebApp->processRequest()
#23 /Users/claraalder/gitHub/liz-site/craft/app/index.php(62): CApplication->run()
#24 /Users/claraalder/gitHub/liz-site/html/index.php(19): require_once('/Users/claraald...')
#25 {main}
REQUEST_URI=/
---

******************************************************************************************************
